<?xml version="1.0" encoding="utf-8"?>
<coverage line-rate="0.3325" branch-rate="0.2316" version="1.9" timestamp="1654529030" lines-covered="1165" lines-valid="3503" branches-covered="252" branches-valid="1088">
  <sources>
    <source>C:\Users\Kristoffer\Desktop\DIKUGames\</source>
  </sources>
  <packages>
    <package name="Breakout" line-rate="0.5183" branch-rate="0.4365" complexity="487">
      <classes>
        <class name="Breakout.Ball" filename="Breakout\Ball.cs" line-rate="0.6940999999999999" branch-rate="0.4642" complexity="36">
          <methods>
            <method name="GetSpeed" signature="()" line-rate="0" branch-rate="1" complexity="1">
              <lines>
                <line number="17" hits="0" branch="False" />
                <line number="18" hits="0" branch="False" />
                <line number="19" hits="0" branch="False" />
              </lines>
            </method>
            <method name="Collide" signature="(DIKUArcade.Entities.EntityContainer`1&lt;Breakout.Blocks.BreakoutBlock&gt;,Breakout.Player)" line-rate="1" branch-rate="1" complexity="1">
              <lines>
                <line number="25" hits="7" branch="False" />
                <line number="26" hits="7" branch="False" />
                <line number="27" hits="7" branch="False" />
                <line number="28" hits="7" branch="False" />
                <line number="29" hits="7" branch="False" />
                <line number="30" hits="7" branch="False" />
                <line number="31" hits="7" branch="False" />
              </lines>
            </method>
            <method name="CollideWall" signature="()" line-rate="1" branch-rate="1" complexity="4">
              <lines>
                <line number="35" hits="7" branch="False" />
                <line number="36" hits="9" branch="True" condition-coverage="100% (4/4)">
                  <conditions>
                    <condition number="22" type="jump" coverage="100%" />
                    <condition number="55" type="jump" coverage="100%" />
                  </conditions>
                </line>
                <line number="37" hits="2" branch="False" />
                <line number="38" hits="2" branch="False" />
                <line number="39" hits="7" branch="False" />
              </lines>
            </method>
            <method name="CollideRoof" signature="()" line-rate="1" branch-rate="1" complexity="2">
              <lines>
                <line number="43" hits="7" branch="False" />
                <line number="44" hits="9" branch="True" condition-coverage="100% (2/2)">
                  <conditions>
                    <condition number="29" type="jump" coverage="100%" />
                  </conditions>
                </line>
                <line number="45" hits="2" branch="False" />
                <line number="46" hits="2" branch="False" />
                <line number="47" hits="2" branch="False" />
                <line number="48" hits="2" branch="False" />
                <line number="49" hits="7" branch="False" />
              </lines>
            </method>
            <method name="CollideBlock" signature="(DIKUArcade.Entities.EntityContainer`1&lt;Breakout.Blocks.BreakoutBlock&gt;)" line-rate="0.2352" branch-rate="1" complexity="1">
              <lines>
                <line number="54" hits="7" branch="False" />
                <line number="55" hits="7" branch="False" />
                <line number="56" hits="0" branch="False" />
                <line number="57" hits="0" branch="False" />
                <line number="58" hits="0" branch="False" />
                <line number="59" hits="0" branch="False" />
                <line number="60" hits="0" branch="False" />
                <line number="61" hits="0" branch="False" />
                <line number="62" hits="0" branch="False" />
                <line number="63" hits="0" branch="False" />
                <line number="64" hits="0" branch="False" />
                <line number="65" hits="0" branch="False" />
                <line number="66" hits="0" branch="False" />
                <line number="67" hits="0" branch="False" />
                <line number="68" hits="0" branch="False" />
                <line number="69" hits="7" branch="False" />
                <line number="70" hits="7" branch="False" />
              </lines>
            </method>
            <method name="CollidePlayer" signature="(Breakout.Player)" line-rate="0.4285" branch-rate="0.5" complexity="2">
              <lines>
                <line number="75" hits="7" branch="False" />
                <line number="76" hits="7" branch="True" condition-coverage="50% (1/2)">
                  <conditions>
                    <condition number="30" type="jump" coverage="50%" />
                  </conditions>
                </line>
                <line number="77" hits="0" branch="False" />
                <line number="78" hits="0" branch="False" />
                <line number="79" hits="0" branch="False" />
                <line number="80" hits="0" branch="False" />
                <line number="81" hits="7" branch="False" />
              </lines>
            </method>
            <method name="Remove" signature="()" line-rate="1" branch-rate="1" complexity="2">
              <lines>
                <line number="85" hits="7" branch="False" />
                <line number="86" hits="8" branch="True" condition-coverage="100% (2/2)">
                  <conditions>
                    <condition number="29" type="jump" coverage="100%" />
                  </conditions>
                </line>
                <line number="87" hits="1" branch="False" />
                <line number="88" hits="1" branch="False" />
                <line number="89" hits="1" branch="False" />
                <line number="90" hits="1" branch="False" />
                <line number="91" hits="1" branch="False" />
                <line number="92" hits="1" branch="False" />
                <line number="93" hits="1" branch="False" />
                <line number="94" hits="1" branch="False" />
                <line number="95" hits="7" branch="False" />
              </lines>
            </method>
            <method name="Move" signature="(DIKUArcade.Entities.EntityContainer`1&lt;Breakout.Blocks.BreakoutBlock&gt;,Breakout.Player)" line-rate="1" branch-rate="1" complexity="1">
              <lines>
                <line number="99" hits="7" branch="False" />
                <line number="100" hits="7" branch="False" />
                <line number="101" hits="7" branch="False" />
                <line number="102" hits="7" branch="False" />
              </lines>
            </method>
            <method name="GetShape" signature="()" line-rate="1" branch-rate="1" complexity="1">
              <lines>
                <line number="103" hits="20" branch="False" />
                <line number="104" hits="20" branch="False" />
                <line number="105" hits="20" branch="False" />
              </lines>
            </method>
            <method name="FasterBall" signature="()" line-rate="1" branch-rate="1" complexity="1">
              <lines>
                <line number="106" hits="2" branch="False" />
                <line number="107" hits="2" branch="False" />
                <line number="108" hits="2" branch="False" />
                <line number="109" hits="2" branch="False" />
              </lines>
            </method>
            <method name="ResetBallSpeed" signature="()" line-rate="0" branch-rate="1" complexity="1">
              <lines>
                <line number="110" hits="0" branch="False" />
                <line number="111" hits="0" branch="False" />
                <line number="112" hits="0" branch="False" />
                <line number="113" hits="0" branch="False" />
              </lines>
            </method>
            <method name="ProcessEvent" signature="(DIKUArcade.Events.GameEvent)" line-rate="0.7777" branch-rate="0.6666" complexity="6">
              <lines>
                <line number="114" hits="2" branch="False" />
                <line number="115" hits="4" branch="True" condition-coverage="100% (2/2)">
                  <conditions>
                    <condition number="12" type="jump" coverage="100%" />
                  </conditions>
                </line>
                <line number="116" hits="2" branch="True" condition-coverage="50% (2/4)">
                  <conditions>
                    <condition number="35" type="jump" coverage="50%" />
                    <condition number="48" type="jump" coverage="50%" />
                  </conditions>
                </line>
                <line number="118" hits="2" branch="False" />
                <line number="120" hits="2" branch="False" />
                <line number="122" hits="0" branch="False" />
                <line number="123" hits="0" branch="False" />
                <line number="125" hits="2" branch="False" />
                <line number="126" hits="2" branch="False" />
              </lines>
            </method>
            <method name=".ctor" signature="(DIKUArcade.Entities.DynamicShape,DIKUArcade.Graphics.IBaseImage)" line-rate="1" branch-rate="1" complexity="1">
              <lines>
                <line number="13" hits="28" branch="False" />
                <line number="14" hits="14" branch="False" />
                <line number="15" hits="14" branch="False" />
                <line number="16" hits="14" branch="False" />
              </lines>
            </method>
          </methods>
          <lines>
            <line number="17" hits="0" branch="False" />
            <line number="18" hits="0" branch="False" />
            <line number="19" hits="0" branch="False" />
            <line number="25" hits="7" branch="False" />
            <line number="26" hits="7" branch="False" />
            <line number="27" hits="7" branch="False" />
            <line number="28" hits="7" branch="False" />
            <line number="29" hits="7" branch="False" />
            <line number="30" hits="7" branch="False" />
            <line number="31" hits="7" branch="False" />
            <line number="35" hits="7" branch="False" />
            <line number="36" hits="9" branch="True" condition-coverage="100% (4/4)">
              <conditions>
                <condition number="22" type="jump" coverage="100%" />
                <condition number="55" type="jump" coverage="100%" />
              </conditions>
            </line>
            <line number="37" hits="2" branch="False" />
            <line number="38" hits="2" branch="False" />
            <line number="39" hits="7" branch="False" />
            <line number="43" hits="7" branch="False" />
            <line number="44" hits="9" branch="True" condition-coverage="100% (2/2)">
              <conditions>
                <condition number="29" type="jump" coverage="100%" />
              </conditions>
            </line>
            <line number="45" hits="2" branch="False" />
            <line number="46" hits="2" branch="False" />
            <line number="47" hits="2" branch="False" />
            <line number="48" hits="2" branch="False" />
            <line number="49" hits="7" branch="False" />
            <line number="54" hits="7" branch="False" />
            <line number="55" hits="7" branch="False" />
            <line number="56" hits="0" branch="False" />
            <line number="57" hits="0" branch="False" />
            <line number="58" hits="0" branch="False" />
            <line number="59" hits="0" branch="False" />
            <line number="60" hits="0" branch="False" />
            <line number="61" hits="0" branch="False" />
            <line number="62" hits="0" branch="False" />
            <line number="63" hits="0" branch="False" />
            <line number="64" hits="0" branch="False" />
            <line number="65" hits="0" branch="False" />
            <line number="66" hits="0" branch="False" />
            <line number="67" hits="0" branch="False" />
            <line number="68" hits="0" branch="False" />
            <line number="69" hits="7" branch="False" />
            <line number="70" hits="7" branch="False" />
            <line number="75" hits="7" branch="False" />
            <line number="76" hits="7" branch="True" condition-coverage="50% (1/2)">
              <conditions>
                <condition number="30" type="jump" coverage="50%" />
              </conditions>
            </line>
            <line number="77" hits="0" branch="False" />
            <line number="78" hits="0" branch="False" />
            <line number="79" hits="0" branch="False" />
            <line number="80" hits="0" branch="False" />
            <line number="81" hits="7" branch="False" />
            <line number="85" hits="7" branch="False" />
            <line number="86" hits="8" branch="True" condition-coverage="100% (2/2)">
              <conditions>
                <condition number="29" type="jump" coverage="100%" />
              </conditions>
            </line>
            <line number="87" hits="1" branch="False" />
            <line number="88" hits="1" branch="False" />
            <line number="89" hits="1" branch="False" />
            <line number="90" hits="1" branch="False" />
            <line number="91" hits="1" branch="False" />
            <line number="92" hits="1" branch="False" />
            <line number="93" hits="1" branch="False" />
            <line number="94" hits="1" branch="False" />
            <line number="95" hits="7" branch="False" />
            <line number="99" hits="7" branch="False" />
            <line number="100" hits="7" branch="False" />
            <line number="101" hits="7" branch="False" />
            <line number="102" hits="7" branch="False" />
            <line number="103" hits="20" branch="False" />
            <line number="104" hits="20" branch="False" />
            <line number="105" hits="20" branch="False" />
            <line number="106" hits="2" branch="False" />
            <line number="107" hits="2" branch="False" />
            <line number="108" hits="2" branch="False" />
            <line number="109" hits="2" branch="False" />
            <line number="110" hits="0" branch="False" />
            <line number="111" hits="0" branch="False" />
            <line number="112" hits="0" branch="False" />
            <line number="113" hits="0" branch="False" />
            <line number="114" hits="2" branch="False" />
            <line number="115" hits="4" branch="True" condition-coverage="100% (2/2)">
              <conditions>
                <condition number="12" type="jump" coverage="100%" />
              </conditions>
            </line>
            <line number="116" hits="2" branch="True" condition-coverage="50% (2/4)">
              <conditions>
                <condition number="35" type="jump" coverage="50%" />
                <condition number="48" type="jump" coverage="50%" />
              </conditions>
            </line>
            <line number="118" hits="2" branch="False" />
            <line number="120" hits="2" branch="False" />
            <line number="122" hits="0" branch="False" />
            <line number="123" hits="0" branch="False" />
            <line number="125" hits="2" branch="False" />
            <line number="126" hits="2" branch="False" />
            <line number="13" hits="28" branch="False" />
            <line number="14" hits="14" branch="False" />
            <line number="15" hits="14" branch="False" />
            <line number="16" hits="14" branch="False" />
          </lines>
        </class>
        <class name="Breakout.BreakoutBus" filename="Breakout\BreakoutBus.cs" line-rate="1" branch-rate="1" complexity="3">
          <methods>
            <method name="GetBus" signature="()" line-rate="1" branch-rate="1" complexity="2">
              <lines>
                <line number="12" hits="151" branch="False" />
                <line number="13" hits="151" branch="True" condition-coverage="100% (2/2)">
                  <conditions>
                    <condition number="7" type="jump" coverage="100%" />
                  </conditions>
                </line>
                <line number="14" hits="151" branch="False" />
              </lines>
            </method>
            <method name="ResetBus" signature="()" line-rate="1" branch-rate="1" complexity="1">
              <lines>
                <line number="15" hits="7" branch="False" />
                <line number="16" hits="7" branch="False" />
                <line number="17" hits="7" branch="False" />
                <line number="18" hits="7" branch="False" />
              </lines>
            </method>
          </methods>
          <lines>
            <line number="12" hits="151" branch="False" />
            <line number="13" hits="151" branch="True" condition-coverage="100% (2/2)">
              <conditions>
                <condition number="7" type="jump" coverage="100%" />
              </conditions>
            </line>
            <line number="14" hits="151" branch="False" />
            <line number="15" hits="7" branch="False" />
            <line number="16" hits="7" branch="False" />
            <line number="17" hits="7" branch="False" />
            <line number="18" hits="7" branch="False" />
          </lines>
        </class>
        <class name="Breakout.Game" filename="Breakout\Game.cs" line-rate="0" branch-rate="0" complexity="8">
          <methods>
            <method name="HandleKeyEvent" signature="(DIKUArcade.Input.KeyboardAction,DIKUArcade.Input.KeyboardKey)" line-rate="0" branch-rate="1" complexity="1">
              <lines>
                <line number="19" hits="0" branch="False" />
                <line number="20" hits="0" branch="False" />
                <line number="21" hits="0" branch="False" />
              </lines>
            </method>
            <method name="Render" signature="()" line-rate="0" branch-rate="1" complexity="1">
              <lines>
                <line number="25" hits="0" branch="False" />
                <line number="26" hits="0" branch="False" />
                <line number="27" hits="0" branch="False" />
              </lines>
            </method>
            <method name="Update" signature="()" line-rate="0" branch-rate="1" complexity="1">
              <lines>
                <line number="31" hits="0" branch="False" />
                <line number="32" hits="0" branch="False" />
                <line number="33" hits="0" branch="False" />
                <line number="34" hits="0" branch="False" />
              </lines>
            </method>
            <method name="ProcessEvent" signature="(DIKUArcade.Events.GameEvent)" line-rate="0" branch-rate="0" complexity="4">
              <lines>
                <line number="42" hits="0" branch="False" />
                <line number="43" hits="0" branch="True" condition-coverage="0% (0/2)">
                  <conditions>
                    <condition number="12" type="jump" coverage="0%" />
                  </conditions>
                </line>
                <line number="44" hits="0" branch="True" condition-coverage="0% (0/2)">
                  <conditions>
                    <condition number="35" type="jump" coverage="0%" />
                  </conditions>
                </line>
                <line number="46" hits="0" branch="False" />
                <line number="47" hits="0" branch="False" />
                <line number="49" hits="0" branch="False" />
                <line number="51" hits="0" branch="False" />
                <line number="52" hits="0" branch="False" />
              </lines>
            </method>
            <method name=".ctor" signature="(DIKUArcade.GUI.WindowArgs)" line-rate="0" branch-rate="1" complexity="1">
              <lines>
                <line number="10" hits="0" branch="False" />
                <line number="11" hits="0" branch="False" />
                <line number="12" hits="0" branch="False" />
                <line number="13" hits="0" branch="False" />
                <line number="14" hits="0" branch="False" />
                <line number="15" hits="0" branch="False" />
                <line number="16" hits="0" branch="False" />
                <line number="17" hits="0" branch="False" />
                <line number="18" hits="0" branch="False" />
              </lines>
            </method>
          </methods>
          <lines>
            <line number="19" hits="0" branch="False" />
            <line number="20" hits="0" branch="False" />
            <line number="21" hits="0" branch="False" />
            <line number="25" hits="0" branch="False" />
            <line number="26" hits="0" branch="False" />
            <line number="27" hits="0" branch="False" />
            <line number="31" hits="0" branch="False" />
            <line number="32" hits="0" branch="False" />
            <line number="33" hits="0" branch="False" />
            <line number="34" hits="0" branch="False" />
            <line number="42" hits="0" branch="False" />
            <line number="43" hits="0" branch="True" condition-coverage="0% (0/2)">
              <conditions>
                <condition number="12" type="jump" coverage="0%" />
              </conditions>
            </line>
            <line number="44" hits="0" branch="True" condition-coverage="0% (0/2)">
              <conditions>
                <condition number="35" type="jump" coverage="0%" />
              </conditions>
            </line>
            <line number="46" hits="0" branch="False" />
            <line number="47" hits="0" branch="False" />
            <line number="49" hits="0" branch="False" />
            <line number="51" hits="0" branch="False" />
            <line number="52" hits="0" branch="False" />
            <line number="10" hits="0" branch="False" />
            <line number="11" hits="0" branch="False" />
            <line number="12" hits="0" branch="False" />
            <line number="13" hits="0" branch="False" />
            <line number="14" hits="0" branch="False" />
            <line number="15" hits="0" branch="False" />
            <line number="16" hits="0" branch="False" />
            <line number="17" hits="0" branch="False" />
            <line number="18" hits="0" branch="False" />
          </lines>
        </class>
        <class name="Breakout.GameControl" filename="Breakout\GameControl.cs" line-rate="0.0983" branch-rate="0" complexity="21">
          <methods>
            <method name="GameOver" signature="(Breakout.GameTime,Breakout.Player,DIKUArcade.Entities.EntityContainer`1&lt;Breakout.Blocks.BreakoutBlock&gt;)" line-rate="0" branch-rate="0" complexity="6">
              <lines>
                <line number="18" hits="0" branch="False" />
                <line number="19" hits="0" branch="True" condition-coverage="0% (0/4)">
                  <conditions>
                    <condition number="8" type="jump" coverage="0%" />
                    <condition number="22" type="jump" coverage="0%" />
                  </conditions>
                </line>
                <line number="20" hits="0" branch="False" />
                <line number="21" hits="0" branch="False" />
                <line number="22" hits="0" branch="False" />
                <line number="23" hits="0" branch="False" />
                <line number="24" hits="0" branch="False" />
                <line number="25" hits="0" branch="False" />
                <line number="26" hits="0" branch="False" />
                <line number="27" hits="0" branch="True" condition-coverage="0% (0/2)">
                  <conditions>
                    <condition number="89" type="jump" coverage="0%" />
                  </conditions>
                </line>
                <line number="28" hits="0" branch="False" />
                <line number="29" hits="0" branch="False" />
                <line number="30" hits="0" branch="False" />
                <line number="31" hits="0" branch="False" />
                <line number="32" hits="0" branch="False" />
                <line number="33" hits="0" branch="False" />
                <line number="34" hits="0" branch="False" />
                <line number="35" hits="0" branch="False" />
                <line number="36" hits="0" branch="False" />
              </lines>
            </method>
            <method name="ProcessEvent" signature="(DIKUArcade.Events.GameEvent)" line-rate="0" branch-rate="0" complexity="6">
              <lines>
                <line number="37" hits="0" branch="False" />
                <line number="38" hits="0" branch="False" />
                <line number="39" hits="0" branch="True" condition-coverage="0% (0/2)">
                  <conditions>
                    <condition number="39" type="jump" coverage="0%" />
                  </conditions>
                </line>
                <line number="40" hits="0" branch="True" condition-coverage="0% (0/2)">
                  <conditions>
                    <condition number="62" type="jump" coverage="0%" />
                  </conditions>
                </line>
                <line number="42" hits="0" branch="True" condition-coverage="0% (0/2)">
                  <conditions>
                    <condition number="84" type="jump" coverage="0%" />
                  </conditions>
                </line>
                <line number="43" hits="0" branch="False" />
                <line number="44" hits="0" branch="False" />
                <line number="45" hits="0" branch="False" />
                <line number="46" hits="0" branch="False" />
                <line number="47" hits="0" branch="False" />
                <line number="49" hits="0" branch="False" />
                <line number="50" hits="0" branch="False" />
              </lines>
            </method>
            <method name="Render" signature="()" line-rate="0" branch-rate="1" complexity="1">
              <lines>
                <line number="51" hits="0" branch="False" />
                <line number="52" hits="0" branch="False" />
                <line number="53" hits="0" branch="False" />
              </lines>
            </method>
            <method name="Update" signature="(Breakout.Player)" line-rate="0" branch-rate="1" complexity="1">
              <lines>
                <line number="54" hits="0" branch="False" />
                <line number="55" hits="0" branch="False" />
                <line number="56" hits="0" branch="False" />
                <line number="57" hits="0" branch="False" />
                <line number="58" hits="0" branch="False" />
                <line number="59" hits="0" branch="False" />
              </lines>
            </method>
            <method name="TimeOut" signature="(Breakout.GameTime)" line-rate="0" branch-rate="0" complexity="2">
              <lines>
                <line number="60" hits="0" branch="False" />
                <line number="61" hits="0" branch="True" condition-coverage="0% (0/2)">
                  <conditions>
                    <condition number="23" type="jump" coverage="0%" />
                  </conditions>
                </line>
                <line number="62" hits="0" branch="False" />
                <line number="63" hits="0" branch="False" />
                <line number="64" hits="0" branch="False" />
              </lines>
            </method>
            <method name="NoLives" signature="(Breakout.Player)" line-rate="0" branch-rate="0" complexity="2">
              <lines>
                <line number="65" hits="0" branch="False" />
                <line number="66" hits="0" branch="True" condition-coverage="0% (0/2)">
                  <conditions>
                    <condition number="17" type="jump" coverage="0%" />
                  </conditions>
                </line>
                <line number="67" hits="0" branch="False" />
                <line number="68" hits="0" branch="False" />
                <line number="69" hits="0" branch="False" />
              </lines>
            </method>
            <method name="Victory" signature="(DIKUArcade.Entities.EntityContainer`1&lt;Breakout.Blocks.BreakoutBlock&gt;)" line-rate="0" branch-rate="0" complexity="2">
              <lines>
                <line number="70" hits="0" branch="False" />
                <line number="71" hits="0" branch="True" condition-coverage="0% (0/2)">
                  <conditions>
                    <condition number="15" type="jump" coverage="0%" />
                  </conditions>
                </line>
                <line number="72" hits="0" branch="False" />
                <line number="73" hits="0" branch="False" />
                <line number="74" hits="0" branch="False" />
              </lines>
            </method>
            <method name=".ctor" signature="()" line-rate="1" branch-rate="1" complexity="1">
              <lines>
                <line number="12" hits="12" branch="False" />
                <line number="13" hits="12" branch="False" />
                <line number="14" hits="24" branch="False" />
                <line number="15" hits="12" branch="False" />
                <line number="16" hits="12" branch="False" />
                <line number="17" hits="12" branch="False" />
              </lines>
            </method>
          </methods>
          <lines>
            <line number="18" hits="0" branch="False" />
            <line number="19" hits="0" branch="True" condition-coverage="0% (0/4)">
              <conditions>
                <condition number="8" type="jump" coverage="0%" />
                <condition number="22" type="jump" coverage="0%" />
              </conditions>
            </line>
            <line number="20" hits="0" branch="False" />
            <line number="21" hits="0" branch="False" />
            <line number="22" hits="0" branch="False" />
            <line number="23" hits="0" branch="False" />
            <line number="24" hits="0" branch="False" />
            <line number="25" hits="0" branch="False" />
            <line number="26" hits="0" branch="False" />
            <line number="27" hits="0" branch="True" condition-coverage="0% (0/2)">
              <conditions>
                <condition number="89" type="jump" coverage="0%" />
              </conditions>
            </line>
            <line number="28" hits="0" branch="False" />
            <line number="29" hits="0" branch="False" />
            <line number="30" hits="0" branch="False" />
            <line number="31" hits="0" branch="False" />
            <line number="32" hits="0" branch="False" />
            <line number="33" hits="0" branch="False" />
            <line number="34" hits="0" branch="False" />
            <line number="35" hits="0" branch="False" />
            <line number="36" hits="0" branch="False" />
            <line number="37" hits="0" branch="False" />
            <line number="38" hits="0" branch="False" />
            <line number="39" hits="0" branch="True" condition-coverage="0% (0/2)">
              <conditions>
                <condition number="39" type="jump" coverage="0%" />
              </conditions>
            </line>
            <line number="40" hits="0" branch="True" condition-coverage="0% (0/2)">
              <conditions>
                <condition number="62" type="jump" coverage="0%" />
              </conditions>
            </line>
            <line number="42" hits="0" branch="True" condition-coverage="0% (0/2)">
              <conditions>
                <condition number="84" type="jump" coverage="0%" />
              </conditions>
            </line>
            <line number="43" hits="0" branch="False" />
            <line number="44" hits="0" branch="False" />
            <line number="45" hits="0" branch="False" />
            <line number="46" hits="0" branch="False" />
            <line number="47" hits="0" branch="False" />
            <line number="49" hits="0" branch="False" />
            <line number="50" hits="0" branch="False" />
            <line number="51" hits="0" branch="False" />
            <line number="52" hits="0" branch="False" />
            <line number="53" hits="0" branch="False" />
            <line number="54" hits="0" branch="False" />
            <line number="55" hits="0" branch="False" />
            <line number="56" hits="0" branch="False" />
            <line number="57" hits="0" branch="False" />
            <line number="58" hits="0" branch="False" />
            <line number="59" hits="0" branch="False" />
            <line number="60" hits="0" branch="False" />
            <line number="61" hits="0" branch="True" condition-coverage="0% (0/2)">
              <conditions>
                <condition number="23" type="jump" coverage="0%" />
              </conditions>
            </line>
            <line number="62" hits="0" branch="False" />
            <line number="63" hits="0" branch="False" />
            <line number="64" hits="0" branch="False" />
            <line number="65" hits="0" branch="False" />
            <line number="66" hits="0" branch="True" condition-coverage="0% (0/2)">
              <conditions>
                <condition number="17" type="jump" coverage="0%" />
              </conditions>
            </line>
            <line number="67" hits="0" branch="False" />
            <line number="68" hits="0" branch="False" />
            <line number="69" hits="0" branch="False" />
            <line number="70" hits="0" branch="False" />
            <line number="71" hits="0" branch="True" condition-coverage="0% (0/2)">
              <conditions>
                <condition number="15" type="jump" coverage="0%" />
              </conditions>
            </line>
            <line number="72" hits="0" branch="False" />
            <line number="73" hits="0" branch="False" />
            <line number="74" hits="0" branch="False" />
            <line number="12" hits="12" branch="False" />
            <line number="13" hits="12" branch="False" />
            <line number="14" hits="24" branch="False" />
            <line number="15" hits="12" branch="False" />
            <line number="16" hits="12" branch="False" />
            <line number="17" hits="12" branch="False" />
          </lines>
        </class>
        <class name="Breakout.GameTime" filename="Breakout\GameTime.cs" line-rate="0.6486" branch-rate="0.5" complexity="12">
          <methods>
            <method name="get_timeRemaining" signature="()" line-rate="1" branch-rate="1" complexity="1">
              <lines>
                <line number="7" hits="32" branch="False" />
              </lines>
            </method>
            <method name="GetTime" signature="()" line-rate="1" branch-rate="1" complexity="1">
              <lines>
                <line number="18" hits="2" branch="False" />
                <line number="19" hits="2" branch="False" />
                <line number="20" hits="2" branch="False" />
              </lines>
            </method>
            <method name="Update" signature="()" line-rate="0" branch-rate="0" complexity="2">
              <lines>
                <line number="21" hits="0" branch="False" />
                <line number="22" hits="0" branch="True" condition-coverage="0% (0/2)">
                  <conditions>
                    <condition number="23" type="jump" coverage="0%" />
                  </conditions>
                </line>
                <line number="23" hits="0" branch="False" />
                <line number="24" hits="0" branch="False" />
                <line number="25" hits="0" branch="False" />
                <line number="26" hits="0" branch="False" />
                <line number="27" hits="0" branch="False" />
                <line number="28" hits="0" branch="False" />
              </lines>
            </method>
            <method name="Render" signature="()" line-rate="0" branch-rate="0" complexity="2">
              <lines>
                <line number="29" hits="0" branch="False" />
                <line number="30" hits="0" branch="True" condition-coverage="0% (0/2)">
                  <conditions>
                    <condition number="23" type="jump" coverage="0%" />
                  </conditions>
                </line>
                <line number="31" hits="0" branch="False" />
                <line number="32" hits="0" branch="False" />
                <line number="33" hits="0" branch="False" />
              </lines>
            </method>
            <method name="AddTime" signature="()" line-rate="1" branch-rate="1" complexity="1">
              <lines>
                <line number="34" hits="2" branch="False" />
                <line number="35" hits="2" branch="False" />
                <line number="36" hits="2" branch="False" />
                <line number="37" hits="2" branch="False" />
                <line number="38" hits="2" branch="False" />
              </lines>
            </method>
            <method name="ProcessEvent" signature="(DIKUArcade.Events.GameEvent)" line-rate="1" branch-rate="1" complexity="4">
              <lines>
                <line number="39" hits="2" branch="False" />
                <line number="40" hits="4" branch="True" condition-coverage="100% (2/2)">
                  <conditions>
                    <condition number="12" type="jump" coverage="100%" />
                  </conditions>
                </line>
                <line number="41" hits="2" branch="True" condition-coverage="100% (2/2)">
                  <conditions>
                    <condition number="35" type="jump" coverage="100%" />
                  </conditions>
                </line>
                <line number="43" hits="2" branch="False" />
                <line number="44" hits="2" branch="False" />
                <line number="46" hits="2" branch="False" />
                <line number="47" hits="2" branch="False" />
              </lines>
            </method>
            <method name=".ctor" signature="(System.Double)" line-rate="1" branch-rate="1" complexity="1">
              <lines>
                <line number="10" hits="28" branch="False" />
                <line number="11" hits="14" branch="False" />
                <line number="12" hits="14" branch="False" />
                <line number="13" hits="14" branch="False" />
                <line number="14" hits="14" branch="False" />
                <line number="15" hits="14" branch="False" />
                <line number="16" hits="14" branch="False" />
                <line number="17" hits="14" branch="False" />
              </lines>
            </method>
          </methods>
          <lines>
            <line number="7" hits="32" branch="False" />
            <line number="18" hits="2" branch="False" />
            <line number="19" hits="2" branch="False" />
            <line number="20" hits="2" branch="False" />
            <line number="21" hits="0" branch="False" />
            <line number="22" hits="0" branch="True" condition-coverage="0% (0/2)">
              <conditions>
                <condition number="23" type="jump" coverage="0%" />
              </conditions>
            </line>
            <line number="23" hits="0" branch="False" />
            <line number="24" hits="0" branch="False" />
            <line number="25" hits="0" branch="False" />
            <line number="26" hits="0" branch="False" />
            <line number="27" hits="0" branch="False" />
            <line number="28" hits="0" branch="False" />
            <line number="29" hits="0" branch="False" />
            <line number="30" hits="0" branch="True" condition-coverage="0% (0/2)">
              <conditions>
                <condition number="23" type="jump" coverage="0%" />
              </conditions>
            </line>
            <line number="31" hits="0" branch="False" />
            <line number="32" hits="0" branch="False" />
            <line number="33" hits="0" branch="False" />
            <line number="34" hits="2" branch="False" />
            <line number="35" hits="2" branch="False" />
            <line number="36" hits="2" branch="False" />
            <line number="37" hits="2" branch="False" />
            <line number="38" hits="2" branch="False" />
            <line number="39" hits="2" branch="False" />
            <line number="40" hits="4" branch="True" condition-coverage="100% (2/2)">
              <conditions>
                <condition number="12" type="jump" coverage="100%" />
              </conditions>
            </line>
            <line number="41" hits="2" branch="True" condition-coverage="100% (2/2)">
              <conditions>
                <condition number="35" type="jump" coverage="100%" />
              </conditions>
            </line>
            <line number="43" hits="2" branch="False" />
            <line number="44" hits="2" branch="False" />
            <line number="46" hits="2" branch="False" />
            <line number="47" hits="2" branch="False" />
            <line number="10" hits="28" branch="False" />
            <line number="11" hits="14" branch="False" />
            <line number="12" hits="14" branch="False" />
            <line number="13" hits="14" branch="False" />
            <line number="14" hits="14" branch="False" />
            <line number="15" hits="14" branch="False" />
            <line number="16" hits="14" branch="False" />
            <line number="17" hits="14" branch="False" />
          </lines>
        </class>
        <class name="Breakout.Player" filename="Breakout\Player.cs" line-rate="0.7031999999999999" branch-rate="0.7068000000000001" complexity="67">
          <methods>
            <method name="Move" signature="()" line-rate="1" branch-rate="0.75" complexity="4">
              <lines>
                <line number="28" hits="6" branch="False" />
                <line number="29" hits="6" branch="False" />
                <line number="30" hits="6" branch="False" />
                <line number="31" hits="6" branch="False" />
                <line number="33" hits="12" branch="True" condition-coverage="75% (3/4)">
                  <conditions>
                    <condition number="76" type="jump" coverage="50%" />
                    <condition number="94" type="jump" coverage="100%" />
                  </conditions>
                </line>
                <line number="34" hits="6" branch="False" />
                <line number="35" hits="6" branch="False" />
                <line number="36" hits="6" branch="False" />
              </lines>
            </method>
            <method name="Render" signature="()" line-rate="0" branch-rate="1" complexity="1">
              <lines>
                <line number="40" hits="0" branch="False" />
                <line number="41" hits="0" branch="False" />
                <line number="42" hits="0" branch="False" />
                <line number="43" hits="0" branch="False" />
              </lines>
            </method>
            <method name="ProcessEvent" signature="(DIKUArcade.Events.GameEvent)" line-rate="0.6" branch-rate="0.7082999999999999" complexity="48">
              <lines>
                <line number="51" hits="11" branch="False" />
                <line number="52" hits="22" branch="True" condition-coverage="100% (2/2)">
                  <conditions>
                    <condition number="12" type="jump" coverage="100%" />
                  </conditions>
                </line>
                <line number="53" hits="11" branch="True" condition-coverage="69.56% (32/46)">
                  <conditions>
                    <condition number="40" type="jump" coverage="100%" />
                    <condition number="48" type="jump" coverage="100%" />
                    <condition number="56" type="jump" coverage="50%" />
                    <condition number="85" type="jump" coverage="50%" />
                    <condition number="95" type="jump" coverage="0%" />
                    <condition number="124" type="jump" coverage="100%" />
                    <condition number="132" type="jump" coverage="100%" />
                    <condition number="158" type="jump" coverage="50%" />
                    <condition number="168" type="jump" coverage="50%" />
                    <condition number="181" type="jump" coverage="50%" />
                    <condition number="142" type="jump" coverage="100%" />
                    <condition number="69" type="jump" coverage="50%" />
                    <condition number="108" type="jump" coverage="50%" />
                    <condition number="199" type="jump" coverage="100%" />
                    <condition number="220" type="jump" coverage="100%" />
                    <condition number="241" type="jump" coverage="50%" />
                    <condition number="262" type="jump" coverage="50%" />
                    <condition number="283" type="jump" coverage="50%" />
                    <condition number="304" type="jump" coverage="100%" />
                    <condition number="322" type="jump" coverage="100%" />
                    <condition number="340" type="jump" coverage="50%" />
                    <condition number="358" type="jump" coverage="100%" />
                    <condition number="373" type="jump" coverage="50%" />
                  </conditions>
                </line>
                <line number="55" hits="3" branch="False" />
                <line number="56" hits="3" branch="False" />
                <line number="58" hits="3" branch="False" />
                <line number="59" hits="3" branch="False" />
                <line number="61" hits="0" branch="False" />
                <line number="62" hits="0" branch="False" />
                <line number="64" hits="0" branch="False" />
                <line number="65" hits="0" branch="False" />
                <line number="67" hits="0" branch="False" />
                <line number="68" hits="0" branch="False" />
                <line number="70" hits="1" branch="False" />
                <line number="71" hits="1" branch="False" />
                <line number="73" hits="2" branch="False" />
                <line number="74" hits="2" branch="False" />
                <line number="76" hits="0" branch="False" />
                <line number="77" hits="0" branch="False" />
                <line number="79" hits="2" branch="False" />
                <line number="80" hits="2" branch="False" />
                <line number="82" hits="0" branch="False" />
                <line number="83" hits="0" branch="False" />
                <line number="85" hits="11" branch="False" />
                <line number="86" hits="11" branch="False" />
              </lines>
            </method>
            <method name="ExtraSpeed" signature="()" line-rate="1" branch-rate="1" complexity="1">
              <lines>
                <line number="87" hits="2" branch="False" />
                <line number="88" hits="2" branch="False" />
                <line number="89" hits="2" branch="False" />
              </lines>
            </method>
            <method name="NormalSpeed" signature="()" line-rate="0" branch-rate="1" complexity="1">
              <lines>
                <line number="90" hits="0" branch="False" />
                <line number="91" hits="0" branch="False" />
                <line number="92" hits="0" branch="False" />
              </lines>
            </method>
            <method name="MoreWidth" signature="()" line-rate="1" branch-rate="1" complexity="2">
              <lines>
                <line number="93" hits="2" branch="False" />
                <line number="94" hits="2" branch="False" />
                <line number="95" hits="4" branch="True" condition-coverage="100% (2/2)">
                  <conditions>
                    <condition number="92" type="jump" coverage="100%" />
                  </conditions>
                </line>
                <line number="96" hits="2" branch="False" />
                <line number="97" hits="2" branch="False" />
                <line number="98" hits="2" branch="False" />
              </lines>
            </method>
            <method name="NormalWidth" signature="()" line-rate="0" branch-rate="1" complexity="1">
              <lines>
                <line number="99" hits="0" branch="False" />
                <line number="100" hits="0" branch="False" />
                <line number="101" hits="0" branch="False" />
              </lines>
            </method>
            <method name="SetMoveLeft" signature="(System.Boolean)" line-rate="0.75" branch-rate="0.5" complexity="2">
              <lines>
                <line number="106" hits="3" branch="False" />
                <line number="107" hits="6" branch="True" condition-coverage="50% (1/2)">
                  <conditions>
                    <condition number="4" type="jump" coverage="50%" />
                  </conditions>
                </line>
                <line number="108" hits="3" branch="False" />
                <line number="109" hits="3" branch="False" />
                <line number="110" hits="0" branch="False" />
                <line number="111" hits="0" branch="False" />
                <line number="112" hits="3" branch="False" />
                <line number="113" hits="3" branch="False" />
              </lines>
            </method>
            <method name="SetMoveRight" signature="(System.Boolean)" line-rate="0.75" branch-rate="0.5" complexity="2">
              <lines>
                <line number="118" hits="3" branch="False" />
                <line number="119" hits="6" branch="True" condition-coverage="50% (1/2)">
                  <conditions>
                    <condition number="4" type="jump" coverage="50%" />
                  </conditions>
                </line>
                <line number="120" hits="3" branch="False" />
                <line number="121" hits="3" branch="False" />
                <line number="122" hits="0" branch="False" />
                <line number="123" hits="0" branch="False" />
                <line number="124" hits="3" branch="False" />
                <line number="125" hits="3" branch="False" />
              </lines>
            </method>
            <method name="UpdateDirection" signature="()" line-rate="1" branch-rate="1" complexity="1">
              <lines>
                <line number="129" hits="6" branch="False" />
                <line number="130" hits="6" branch="False" />
                <line number="131" hits="6" branch="False" />
                <line number="132" hits="6" branch="False" />
              </lines>
            </method>
            <method name="XPosition" signature="()" line-rate="1" branch-rate="1" complexity="1">
              <lines>
                <line number="136" hits="10" branch="False" />
                <line number="137" hits="10" branch="False" />
                <line number="138" hits="10" branch="False" />
              </lines>
            </method>
            <method name="BounceDirection" signature="()" line-rate="0" branch-rate="1" complexity="1">
              <lines>
                <line number="142" hits="0" branch="False" />
                <line number="143" hits="0" branch="False" />
                <line number="144" hits="0" branch="False" />
              </lines>
            </method>
            <method name="GetSpeed" signature="()" line-rate="1" branch-rate="1" complexity="1">
              <lines>
                <line number="145" hits="2" branch="False" />
                <line number="146" hits="2" branch="False" />
                <line number="147" hits="2" branch="False" />
              </lines>
            </method>
            <method name=".ctor" signature="(DIKUArcade.Entities.DynamicShape,DIKUArcade.Graphics.IBaseImage)" line-rate="1" branch-rate="1" complexity="1">
              <lines>
                <line number="11" hits="45" branch="False" />
                <line number="12" hits="45" branch="False" />
                <line number="13" hits="45" branch="False" />
                <line number="14" hits="45" branch="False" />
                <line number="19" hits="90" branch="False" />
                <line number="20" hits="45" branch="False" />
                <line number="21" hits="45" branch="False" />
                <line number="22" hits="45" branch="False" />
                <line number="23" hits="45" branch="False" />
                <line number="24" hits="45" branch="False" />
              </lines>
            </method>
          </methods>
          <lines>
            <line number="28" hits="6" branch="False" />
            <line number="29" hits="6" branch="False" />
            <line number="30" hits="6" branch="False" />
            <line number="31" hits="6" branch="False" />
            <line number="33" hits="12" branch="True" condition-coverage="75% (3/4)">
              <conditions>
                <condition number="76" type="jump" coverage="50%" />
                <condition number="94" type="jump" coverage="100%" />
              </conditions>
            </line>
            <line number="34" hits="6" branch="False" />
            <line number="35" hits="6" branch="False" />
            <line number="36" hits="6" branch="False" />
            <line number="40" hits="0" branch="False" />
            <line number="41" hits="0" branch="False" />
            <line number="42" hits="0" branch="False" />
            <line number="43" hits="0" branch="False" />
            <line number="51" hits="11" branch="False" />
            <line number="52" hits="22" branch="True" condition-coverage="100% (2/2)">
              <conditions>
                <condition number="12" type="jump" coverage="100%" />
              </conditions>
            </line>
            <line number="53" hits="11" branch="True" condition-coverage="69.56% (32/46)">
              <conditions>
                <condition number="40" type="jump" coverage="100%" />
                <condition number="48" type="jump" coverage="100%" />
                <condition number="56" type="jump" coverage="50%" />
                <condition number="85" type="jump" coverage="50%" />
                <condition number="95" type="jump" coverage="0%" />
                <condition number="124" type="jump" coverage="100%" />
                <condition number="132" type="jump" coverage="100%" />
                <condition number="158" type="jump" coverage="50%" />
                <condition number="168" type="jump" coverage="50%" />
                <condition number="181" type="jump" coverage="50%" />
                <condition number="142" type="jump" coverage="100%" />
                <condition number="69" type="jump" coverage="50%" />
                <condition number="108" type="jump" coverage="50%" />
                <condition number="199" type="jump" coverage="100%" />
                <condition number="220" type="jump" coverage="100%" />
                <condition number="241" type="jump" coverage="50%" />
                <condition number="262" type="jump" coverage="50%" />
                <condition number="283" type="jump" coverage="50%" />
                <condition number="304" type="jump" coverage="100%" />
                <condition number="322" type="jump" coverage="100%" />
                <condition number="340" type="jump" coverage="50%" />
                <condition number="358" type="jump" coverage="100%" />
                <condition number="373" type="jump" coverage="50%" />
              </conditions>
            </line>
            <line number="55" hits="3" branch="False" />
            <line number="56" hits="3" branch="False" />
            <line number="58" hits="3" branch="False" />
            <line number="59" hits="3" branch="False" />
            <line number="61" hits="0" branch="False" />
            <line number="62" hits="0" branch="False" />
            <line number="64" hits="0" branch="False" />
            <line number="65" hits="0" branch="False" />
            <line number="67" hits="0" branch="False" />
            <line number="68" hits="0" branch="False" />
            <line number="70" hits="1" branch="False" />
            <line number="71" hits="1" branch="False" />
            <line number="73" hits="2" branch="False" />
            <line number="74" hits="2" branch="False" />
            <line number="76" hits="0" branch="False" />
            <line number="77" hits="0" branch="False" />
            <line number="79" hits="2" branch="False" />
            <line number="80" hits="2" branch="False" />
            <line number="82" hits="0" branch="False" />
            <line number="83" hits="0" branch="False" />
            <line number="85" hits="11" branch="False" />
            <line number="86" hits="11" branch="False" />
            <line number="87" hits="2" branch="False" />
            <line number="88" hits="2" branch="False" />
            <line number="89" hits="2" branch="False" />
            <line number="90" hits="0" branch="False" />
            <line number="91" hits="0" branch="False" />
            <line number="92" hits="0" branch="False" />
            <line number="93" hits="2" branch="False" />
            <line number="94" hits="2" branch="False" />
            <line number="95" hits="4" branch="True" condition-coverage="100% (2/2)">
              <conditions>
                <condition number="92" type="jump" coverage="100%" />
              </conditions>
            </line>
            <line number="96" hits="2" branch="False" />
            <line number="97" hits="2" branch="False" />
            <line number="98" hits="2" branch="False" />
            <line number="99" hits="0" branch="False" />
            <line number="100" hits="0" branch="False" />
            <line number="101" hits="0" branch="False" />
            <line number="106" hits="3" branch="False" />
            <line number="107" hits="6" branch="True" condition-coverage="50% (1/2)">
              <conditions>
                <condition number="4" type="jump" coverage="50%" />
              </conditions>
            </line>
            <line number="108" hits="3" branch="False" />
            <line number="109" hits="3" branch="False" />
            <line number="110" hits="0" branch="False" />
            <line number="111" hits="0" branch="False" />
            <line number="112" hits="3" branch="False" />
            <line number="113" hits="3" branch="False" />
            <line number="118" hits="3" branch="False" />
            <line number="119" hits="6" branch="True" condition-coverage="50% (1/2)">
              <conditions>
                <condition number="4" type="jump" coverage="50%" />
              </conditions>
            </line>
            <line number="120" hits="3" branch="False" />
            <line number="121" hits="3" branch="False" />
            <line number="122" hits="0" branch="False" />
            <line number="123" hits="0" branch="False" />
            <line number="124" hits="3" branch="False" />
            <line number="125" hits="3" branch="False" />
            <line number="129" hits="6" branch="False" />
            <line number="130" hits="6" branch="False" />
            <line number="131" hits="6" branch="False" />
            <line number="132" hits="6" branch="False" />
            <line number="136" hits="10" branch="False" />
            <line number="137" hits="10" branch="False" />
            <line number="138" hits="10" branch="False" />
            <line number="142" hits="0" branch="False" />
            <line number="143" hits="0" branch="False" />
            <line number="144" hits="0" branch="False" />
            <line number="145" hits="2" branch="False" />
            <line number="146" hits="2" branch="False" />
            <line number="147" hits="2" branch="False" />
            <line number="11" hits="45" branch="False" />
            <line number="12" hits="45" branch="False" />
            <line number="13" hits="45" branch="False" />
            <line number="14" hits="45" branch="False" />
            <line number="19" hits="90" branch="False" />
            <line number="20" hits="45" branch="False" />
            <line number="21" hits="45" branch="False" />
            <line number="22" hits="45" branch="False" />
            <line number="23" hits="45" branch="False" />
            <line number="24" hits="45" branch="False" />
          </lines>
        </class>
        <class name="Breakout.PlayerLife" filename="Breakout\PlayerLife.cs" line-rate="0.6818000000000001" branch-rate="0.5832999999999999" complexity="15">
          <methods>
            <method name="LoseLife" signature="()" line-rate="0" branch-rate="0" complexity="2">
              <lines>
                <line number="28" hits="0" branch="False" />
                <line number="29" hits="0" branch="True" condition-coverage="0% (0/2)">
                  <conditions>
                    <condition number="15" type="jump" coverage="0%" />
                  </conditions>
                </line>
                <line number="30" hits="0" branch="False" />
                <line number="31" hits="0" branch="False" />
                <line number="32" hits="0" branch="False" />
                <line number="33" hits="0" branch="False" />
              </lines>
            </method>
            <method name="GainLife" signature="()" line-rate="1" branch-rate="1" complexity="1">
              <lines>
                <line number="34" hits="1" branch="False" />
                <line number="35" hits="1" branch="False" />
                <line number="36" hits="1" branch="False" />
                <line number="37" hits="1" branch="False" />
                <line number="38" hits="1" branch="False" />
                <line number="40" hits="1" branch="False" />
                <line number="41" hits="1" branch="False" />
                <line number="42" hits="1" branch="False" />
                <line number="43" hits="1" branch="False" />
              </lines>
            </method>
            <method name="Render" signature="()" line-rate="0" branch-rate="0" complexity="2">
              <lines>
                <line number="44" hits="0" branch="False" />
                <line number="45" hits="0" branch="True" condition-coverage="0% (0/2)">
                  <conditions>
                    <condition number="40" type="jump" coverage="0%" />
                  </conditions>
                </line>
                <line number="46" hits="0" branch="False" />
                <line number="47" hits="0" branch="False" />
                <line number="48" hits="0" branch="False" />
              </lines>
            </method>
            <method name="LivesLeft" signature="()" line-rate="1" branch-rate="1" complexity="1">
              <lines>
                <line number="49" hits="2" branch="False" />
                <line number="50" hits="2" branch="False" />
                <line number="51" hits="2" branch="False" />
              </lines>
            </method>
            <method name="ProcessEvent" signature="(DIKUArcade.Events.GameEvent)" line-rate="0.7" branch-rate="0.8332999999999999" complexity="6">
              <lines>
                <line number="53" hits="1" branch="False" />
                <line number="54" hits="2" branch="True" condition-coverage="100% (2/2)">
                  <conditions>
                    <condition number="12" type="jump" coverage="100%" />
                  </conditions>
                </line>
                <line number="55" hits="1" branch="True" condition-coverage="75% (3/4)">
                  <conditions>
                    <condition number="35" type="jump" coverage="50%" />
                    <condition number="48" type="jump" coverage="100%" />
                  </conditions>
                </line>
                <line number="57" hits="0" branch="False" />
                <line number="58" hits="0" branch="False" />
                <line number="60" hits="1" branch="False" />
                <line number="61" hits="1" branch="False" />
                <line number="63" hits="0" branch="False" />
                <line number="65" hits="1" branch="False" />
                <line number="66" hits="1" branch="False" />
              </lines>
            </method>
            <method name=".ctor" signature="()" line-rate="1" branch-rate="1" complexity="2">
              <lines>
                <line number="18" hits="90" branch="False" />
                <line number="19" hits="45" branch="False" />
                <line number="21" hits="495" branch="True" condition-coverage="100% (2/2)">
                  <conditions>
                    <condition number="106" type="jump" coverage="100%" />
                  </conditions>
                </line>
                <line number="22" hits="135" branch="False" />
                <line number="23" hits="135" branch="False" />
                <line number="24" hits="135" branch="False" />
                <line number="25" hits="135" branch="False" />
                <line number="26" hits="45" branch="False" />
                <line number="27" hits="45" branch="False" />
              </lines>
            </method>
            <method name=".cctor" signature="()" line-rate="1" branch-rate="1" complexity="1">
              <lines>
                <line number="14" hits="1" branch="False" />
                <line number="15" hits="1" branch="False" />
              </lines>
            </method>
          </methods>
          <lines>
            <line number="28" hits="0" branch="False" />
            <line number="29" hits="0" branch="True" condition-coverage="0% (0/2)">
              <conditions>
                <condition number="15" type="jump" coverage="0%" />
              </conditions>
            </line>
            <line number="30" hits="0" branch="False" />
            <line number="31" hits="0" branch="False" />
            <line number="32" hits="0" branch="False" />
            <line number="33" hits="0" branch="False" />
            <line number="34" hits="1" branch="False" />
            <line number="35" hits="1" branch="False" />
            <line number="36" hits="1" branch="False" />
            <line number="37" hits="1" branch="False" />
            <line number="38" hits="1" branch="False" />
            <line number="40" hits="1" branch="False" />
            <line number="41" hits="1" branch="False" />
            <line number="42" hits="1" branch="False" />
            <line number="43" hits="1" branch="False" />
            <line number="44" hits="0" branch="False" />
            <line number="45" hits="0" branch="True" condition-coverage="0% (0/2)">
              <conditions>
                <condition number="40" type="jump" coverage="0%" />
              </conditions>
            </line>
            <line number="46" hits="0" branch="False" />
            <line number="47" hits="0" branch="False" />
            <line number="48" hits="0" branch="False" />
            <line number="49" hits="2" branch="False" />
            <line number="50" hits="2" branch="False" />
            <line number="51" hits="2" branch="False" />
            <line number="53" hits="1" branch="False" />
            <line number="54" hits="2" branch="True" condition-coverage="100% (2/2)">
              <conditions>
                <condition number="12" type="jump" coverage="100%" />
              </conditions>
            </line>
            <line number="55" hits="1" branch="True" condition-coverage="75% (3/4)">
              <conditions>
                <condition number="35" type="jump" coverage="50%" />
                <condition number="48" type="jump" coverage="100%" />
              </conditions>
            </line>
            <line number="57" hits="0" branch="False" />
            <line number="58" hits="0" branch="False" />
            <line number="60" hits="1" branch="False" />
            <line number="61" hits="1" branch="False" />
            <line number="63" hits="0" branch="False" />
            <line number="65" hits="1" branch="False" />
            <line number="66" hits="1" branch="False" />
            <line number="18" hits="90" branch="False" />
            <line number="19" hits="45" branch="False" />
            <line number="21" hits="495" branch="True" condition-coverage="100% (2/2)">
              <conditions>
                <condition number="106" type="jump" coverage="100%" />
              </conditions>
            </line>
            <line number="22" hits="135" branch="False" />
            <line number="23" hits="135" branch="False" />
            <line number="24" hits="135" branch="False" />
            <line number="25" hits="135" branch="False" />
            <line number="26" hits="45" branch="False" />
            <line number="27" hits="45" branch="False" />
            <line number="14" hits="1" branch="False" />
            <line number="15" hits="1" branch="False" />
          </lines>
        </class>
        <class name="Breakout.Program" filename="Breakout\Program.cs" line-rate="0" branch-rate="1" complexity="1">
          <methods>
            <method name="Main" signature="(System.String[])" line-rate="0" branch-rate="1" complexity="1">
              <lines>
                <line number="6" hits="0" branch="False" />
                <line number="7" hits="0" branch="False" />
                <line number="8" hits="0" branch="False" />
                <line number="9" hits="0" branch="False" />
                <line number="10" hits="0" branch="False" />
              </lines>
            </method>
          </methods>
          <lines>
            <line number="6" hits="0" branch="False" />
            <line number="7" hits="0" branch="False" />
            <line number="8" hits="0" branch="False" />
            <line number="9" hits="0" branch="False" />
            <line number="10" hits="0" branch="False" />
          </lines>
        </class>
        <class name="Breakout.Score" filename="Breakout\Score.cs" line-rate="0.7666" branch-rate="1" complexity="11">
          <methods>
            <method name="AddScore" signature="(System.Int32)" line-rate="1" branch-rate="1" complexity="2">
              <lines>
                <line number="20" hits="6" branch="False" />
                <line number="21" hits="10" branch="True" condition-coverage="100% (2/2)">
                  <conditions>
                    <condition number="16" type="jump" coverage="100%" />
                  </conditions>
                </line>
                <line number="22" hits="4" branch="False" />
                <line number="23" hits="4" branch="False" />
                <line number="24" hits="6" branch="False" />
              </lines>
            </method>
            <method name="ResetScore" signature="()" line-rate="1" branch-rate="1" complexity="1">
              <lines>
                <line number="28" hits="11" branch="False" />
                <line number="29" hits="11" branch="False" />
                <line number="30" hits="11" branch="False" />
              </lines>
            </method>
            <method name="Update" signature="()" line-rate="0" branch-rate="1" complexity="1">
              <lines>
                <line number="34" hits="0" branch="False" />
                <line number="35" hits="0" branch="False" />
                <line number="36" hits="0" branch="False" />
              </lines>
            </method>
            <method name="Render" signature="()" line-rate="0" branch-rate="1" complexity="1">
              <lines>
                <line number="40" hits="0" branch="False" />
                <line number="41" hits="0" branch="False" />
                <line number="42" hits="0" branch="False" />
              </lines>
            </method>
            <method name="GetScore" signature="()" line-rate="1" branch-rate="1" complexity="1">
              <lines>
                <line number="46" hits="33" branch="False" />
                <line number="47" hits="33" branch="False" />
                <line number="48" hits="33" branch="False" />
              </lines>
            </method>
            <method name="ProcessEvent" signature="(DIKUArcade.Events.GameEvent)" line-rate="0.875" branch-rate="1" complexity="4">
              <lines>
                <line number="49" hits="6" branch="False" />
                <line number="50" hits="12" branch="True" condition-coverage="100% (2/2)">
                  <conditions>
                    <condition number="12" type="jump" coverage="100%" />
                  </conditions>
                </line>
                <line number="51" hits="6" branch="True" condition-coverage="100% (2/2)">
                  <conditions>
                    <condition number="35" type="jump" coverage="100%" />
                  </conditions>
                </line>
                <line number="53" hits="6" branch="False" />
                <line number="54" hits="6" branch="False" />
                <line number="56" hits="0" branch="False" />
                <line number="58" hits="6" branch="False" />
                <line number="59" hits="6" branch="False" />
              </lines>
            </method>
            <method name=".ctor" signature="(DIKUArcade.Math.Vec2F,DIKUArcade.Math.Vec2F)" line-rate="1" branch-rate="1" complexity="1">
              <lines>
                <line number="12" hits="62" branch="False" />
                <line number="13" hits="31" branch="False" />
                <line number="14" hits="31" branch="False" />
                <line number="15" hits="31" branch="False" />
                <line number="16" hits="31" branch="False" />
              </lines>
            </method>
          </methods>
          <lines>
            <line number="20" hits="6" branch="False" />
            <line number="21" hits="10" branch="True" condition-coverage="100% (2/2)">
              <conditions>
                <condition number="16" type="jump" coverage="100%" />
              </conditions>
            </line>
            <line number="22" hits="4" branch="False" />
            <line number="23" hits="4" branch="False" />
            <line number="24" hits="6" branch="False" />
            <line number="28" hits="11" branch="False" />
            <line number="29" hits="11" branch="False" />
            <line number="30" hits="11" branch="False" />
            <line number="34" hits="0" branch="False" />
            <line number="35" hits="0" branch="False" />
            <line number="36" hits="0" branch="False" />
            <line number="40" hits="0" branch="False" />
            <line number="41" hits="0" branch="False" />
            <line number="42" hits="0" branch="False" />
            <line number="46" hits="33" branch="False" />
            <line number="47" hits="33" branch="False" />
            <line number="48" hits="33" branch="False" />
            <line number="49" hits="6" branch="False" />
            <line number="50" hits="12" branch="True" condition-coverage="100% (2/2)">
              <conditions>
                <condition number="12" type="jump" coverage="100%" />
              </conditions>
            </line>
            <line number="51" hits="6" branch="True" condition-coverage="100% (2/2)">
              <conditions>
                <condition number="35" type="jump" coverage="100%" />
              </conditions>
            </line>
            <line number="53" hits="6" branch="False" />
            <line number="54" hits="6" branch="False" />
            <line number="56" hits="0" branch="False" />
            <line number="58" hits="6" branch="False" />
            <line number="59" hits="6" branch="False" />
            <line number="12" hits="62" branch="False" />
            <line number="13" hits="31" branch="False" />
            <line number="14" hits="31" branch="False" />
            <line number="15" hits="31" branch="False" />
            <line number="16" hits="31" branch="False" />
          </lines>
        </class>
        <class name="Breakout.BreakoutStates.GameOver" filename="Breakout\States\GameOver.cs" line-rate="0.3604" branch-rate="0.14279999999999998" complexity="28">
          <methods>
            <method name="ResetState" signature="()" line-rate="1" branch-rate="1" complexity="2">
              <lines>
                <line number="54" hits="4" branch="False" />
                <line number="55" hits="4" branch="False" />
                <line number="56" hits="4" branch="False" />
                <line number="57" hits="36" branch="True" condition-coverage="100% (2/2)">
                  <conditions>
                    <condition number="97" type="jump" coverage="100%" />
                  </conditions>
                </line>
                <line number="58" hits="8" branch="False" />
                <line number="59" hits="8" branch="False" />
                <line number="60" hits="4" branch="False" />
                <line number="61" hits="4" branch="False" />
              </lines>
            </method>
            <method name="UpdateState" signature="()" line-rate="0" branch-rate="0" complexity="2">
              <lines>
                <line number="65" hits="0" branch="False" />
                <line number="66" hits="0" branch="True" condition-coverage="0% (0/2)">
                  <conditions>
                    <condition number="39" type="jump" coverage="0%" />
                  </conditions>
                </line>
                <line number="67" hits="0" branch="False" />
                <line number="68" hits="0" branch="False" />
                <line number="69" hits="0" branch="False" />
                <line number="70" hits="0" branch="False" />
              </lines>
            </method>
            <method name="RenderState" signature="()" line-rate="0" branch-rate="0" complexity="2">
              <lines>
                <line number="74" hits="0" branch="False" />
                <line number="75" hits="0" branch="False" />
                <line number="76" hits="0" branch="True" condition-coverage="0% (0/2)">
                  <conditions>
                    <condition number="46" type="jump" coverage="0%" />
                  </conditions>
                </line>
                <line number="77" hits="0" branch="False" />
                <line number="78" hits="0" branch="False" />
                <line number="79" hits="0" branch="False" />
                <line number="80" hits="0" branch="False" />
                <line number="81" hits="0" branch="False" />
              </lines>
            </method>
            <method name="HandleKeyEvent" signature="(DIKUArcade.Input.KeyboardAction,DIKUArcade.Input.KeyboardKey)" line-rate="0" branch-rate="0" complexity="2">
              <lines>
                <line number="91" hits="0" branch="False" />
                <line number="92" hits="0" branch="True" condition-coverage="0% (0/2)">
                  <conditions>
                    <condition number="7" type="jump" coverage="0%" />
                  </conditions>
                </line>
                <line number="93" hits="0" branch="False" />
                <line number="94" hits="0" branch="False" />
                <line number="95" hits="0" branch="False" />
              </lines>
            </method>
            <method name="KeyRelease" signature="(DIKUArcade.Input.KeyboardKey)" line-rate="0" branch-rate="0" complexity="18">
              <lines>
                <line number="103" hits="0" branch="False" />
[...]
              </lines>
            </method>
          </methods>
          <lines>
            <line number="17" hits="381" branch="False" />
            <line number="18" hits="381" branch="False" />
            <line number="19" hits="381" branch="False" />
            <line number="33" hits="8" branch="False" />
            <line number="34" hits="8" branch="False" />
            <line number="35" hits="8" branch="False" />
            <line number="38" hits="19" branch="True" condition-coverage="100% (2/2)">
              <conditions>
                <condition number="55" type="jump" coverage="100%" />
              </conditions>
            </line>
            <line number="39" hits="1" branch="False" />
            <line number="40" hits="1" branch="False" />
            <line number="43" hits="27" branch="True" condition-coverage="100% (2/2)">
              <conditions>
                <condition number="123" type="jump" coverage="100%" />
              </conditions>
            </line>
            <line number="44" hits="1" branch="True" condition-coverage="50% (1/2)">
              <conditions>
                <condition number="102" type="jump" coverage="50%" />
              </conditions>
            </line>
            <line number="45" hits="0" branch="False" />
            <line number="46" hits="0" branch="False" />
            <line number="47" hits="1" branch="False" />
            <line number="48" hits="8" branch="False" />
            <line number="49" hits="8" branch="False" />
            <line number="54" hits="0" branch="False" />
            <line number="55" hits="0" branch="True" condition-coverage="0% (0/2)">
              <conditions>
                <condition number="61" type="jump" coverage="0%" />
              </conditions>
            </line>
            <line number="56" hits="0" branch="False" />
            <line number="57" hits="0" branch="False" />
            <line number="58" hits="0" branch="False" />
            <line number="63" hits="0" branch="False" />
            <line number="64" hits="0" branch="False" />
            <line number="65" hits="0" branch="False" />
            <line number="70" hits="3" branch="False" />
            <line number="71" hits="3" branch="False" />
            <line number="72" hits="3" branch="False" />
            <line number="78" hits="0" branch="False" />
            <line number="79" hits="0" branch="False" />
            <line number="80" hits="0" branch="False" />
            <line number="82" hits="0" branch="False" />
            <line number="83" hits="0" branch="False" />
            <line number="84" hits="0" branch="False" />
            <line number="11" hits="74" branch="False" />
            <line number="12" hits="37" branch="False" />
            <line number="13" hits="37" branch="False" />
            <line number="15" hits="111" branch="False" />
          </lines>
        </class>
        <class name="DIKUArcade.Entities.EntityContainer`1/EntityContainerEnum" filename="DIKUArcade\DIKUArcade\Entities\EntityContainerT.cs" line-rate="0" branch-rate="1" complexity="6">
          <methods>
            <method name="MoveNext" signature="()" line-rate="0" branch-rate="1" complexity="1">
              <lines>
                <line number="94" hits="0" branch="False" />
                <line number="95" hits="0" branch="False" />
                <line number="96" hits="0" branch="False" />
                <line number="97" hits="0" branch="False" />
              </lines>
            </method>
            <method name="Reset" signature="()" line-rate="0" branch-rate="1" complexity="1">
              <lines>
                <line number="99" hits="0" branch="False" />
                <line number="100" hits="0" branch="False" />
                <line number="101" hits="0" branch="False" />
              </lines>
            </method>
            <method name="System.IDisposable.Dispose" signature="()" line-rate="0" branch-rate="1" complexity="1">
              <lines>
                <line number="103" hits="0" branch="False" />
              </lines>
            </method>
            <method name="System.Collections.IEnumerator.get_Current" signature="()" line-rate="0" branch-rate="1" complexity="1">
              <lines>
                <line number="105" hits="0" branch="False" />
              </lines>
            </method>
            <method name="get_Current" signature="()" line-rate="0" branch-rate="1" complexity="1">
              <lines>
                <line number="107" hits="0" branch="False" />
              </lines>
            </method>
            <method name=".ctor" signature="(System.Collections.Generic.List`1&lt;T&gt;)" line-rate="0" branch-rate="1" complexity="1">
              <lines>
                <line number="88" hits="0" branch="False" />
                <line number="90" hits="0" branch="False" />
                <line number="91" hits="0" branch="False" />
                <line number="92" hits="0" branch="False" />
              </lines>
            </method>
          </methods>
          <lines>
            <line number="94" hits="0" branch="False" />
            <line number="95" hits="0" branch="False" />
            <line number="96" hits="0" branch="False" />
            <line number="97" hits="0" branch="False" />
            <line number="99" hits="0" branch="False" />
            <line number="100" hits="0" branch="False" />
            <line number="101" hits="0" branch="False" />
            <line number="103" hits="0" branch="False" />
            <line number="105" hits="0" branch="False" />
            <line number="107" hits="0" branch="False" />
            <line number="88" hits="0" branch="False" />
            <line number="90" hits="0" branch="False" />
            <line number="91" hits="0" branch="False" />
            <line number="92" hits="0" branch="False" />
          </lines>
        </class>
        <class name="DIKUArcade.Entities.Shape" filename="DIKUArcade\DIKUArcade\Entities\Shape.cs" line-rate="0.0819" branch-rate="0.25" complexity="22">
          <methods>
            <method name="get_Rotation" signature="()" line-rate="0" branch-rate="1" complexity="1">
              <lines>
                <line number="8" hits="0" branch="False" />
              </lines>
            </method>
            <method name="get_Extent" signature="()" line-rate="1" branch-rate="1" complexity="1">
              <lines>
                <line number="14" hits="977" branch="False" />
              </lines>
            </method>
            <method name="AsDynamicShape" signature="()" line-rate="1" branch-rate="0.5" complexity="2">
              <lines>
                <line number="24" hits="17" branch="False" />
                <line number="25" hits="17" branch="False" />
                <line number="26" hits="17" branch="True" condition-coverage="50% (1/2)">
                  <conditions>
                    <condition number="10" type="jump" coverage="50%" />
                  </conditions>
                </line>
                <line number="27" hits="17" branch="False" />
              </lines>
            </method>
            <method name="AsStationaryShape" signature="()" line-rate="0" branch-rate="0" complexity="2">
              <lines>
                <line number="36" hits="0" branch="False" />
                <line number="37" hits="0" branch="False" />
                <line number="38" hits="0" branch="True" condition-coverage="0% (0/2)">
                  <conditions>
                    <condition number="10" type="jump" coverage="0%" />
                  </conditions>
                </line>
                <line number="39" hits="0" branch="False" />
              </lines>
            </method>
            <method name="Scale" signature="(System.Single)" line-rate="0" branch-rate="1" complexity="1">
              <lines>
                <line number="43" hits="0" branch="False" />
                <line number="44" hits="0" branch="False" />
                <line number="45" hits="0" branch="False" />
              </lines>
            </method>
            <method name="Scale" signature="(DIKUArcade.Math.Vec2F)" line-rate="0" branch-rate="1" complexity="1">
              <lines>
                <line number="47" hits="0" branch="False" />
                <line number="49" hits="0" branch="False" />
                <line number="50" hits="0" branch="False" />
              </lines>
            </method>
            <method name="ScaleX" signature="(System.Single)" line-rate="0" branch-rate="1" complexity="1">
              <lines>
                <line number="52" hits="0" branch="False" />
                <line number="53" hits="0" branch="False" />
                <line number="54" hits="0" branch="False" />
              </lines>
            </method>
            <method name="ScaleY" signature="(System.Single)" line-rate="0" branch-rate="1" complexity="1">
              <lines>
                <line number="56" hits="0" branch="False" />
                <line number="57" hits="0" branch="False" />
                <line number="58" hits="0" branch="False" />
              </lines>
            </method>
            <method name="ScaleXFromCenter" signature="(System.Single)" line-rate="0" branch-rate="1" complexity="1">
              <lines>
                <line number="60" hits="0" branch="False" />
                <line number="61" hits="0" branch="False" />
                <line number="62" hits="0" branch="False" />
                <line number="63" hits="0" branch="False" />
              </lines>
            </method>
            <method name="ScaleYFromCenter" signature="(System.Single)" line-rate="0" branch-rate="1" complexity="1">
              <lines>
                <line number="65" hits="0" branch="False" />
                <line number="66" hits="0" branch="False" />
                <line number="67" hits="0" branch="False" />
                <line number="68" hits="0" branch="False" />
              </lines>
            </method>
            <method name="ScaleFromCenter" signature="(System.Single)" line-rate="0" branch-rate="1" complexity="1">
              <lines>
                <line number="70" hits="0" branch="False" />
                <line number="71" hits="0" branch="False" />
                <line number="72" hits="0" branch="False" />
                <line number="73" hits="0" branch="False" />
              </lines>
            </method>
            <method name="ScaleFromCenter" signature="(DIKUArcade.Math.Vec2F)" line-rate="0" branch-rate="1" complexity="1">
              <lines>
                <line number="75" hits="0" branch="False" />
                <line number="76" hits="0" branch="False" />
                <line number="77" hits="0" branch="False" />
                <line number="78" hits="0" branch="False" />
              </lines>
            </method>
            <method name="Move" signature="()" line-rate="0" branch-rate="1" complexity="1">
              <lines>
                <line number="83" hits="0" branch="False" />
              </lines>
            </method>
            <method name="Move" signature="(DIKUArcade.Math.Vec2F)" line-rate="0" branch-rate="1" complexity="1">
              <lines>
                <line number="85" hits="0" branch="False" />
                <line number="86" hits="0" branch="False" />
                <line number="87" hits="0" branch="False" />
              </lines>
            </method>
            <method name="MoveX" signature="(System.Single)" line-rate="0" branch-rate="1" complexity="1">
              <lines>
                <line number="89" hits="0" branch="False" />
                <line number="90" hits="0" branch="False" />
                <line number="91" hits="0" branch="False" />
              </lines>
            </method>
            <method name="MoveY" signature="(System.Single)" line-rate="0" branch-rate="1" complexity="1">
              <lines>
                <line number="93" hits="0" branch="False" />
                <line number="94" hits="0" branch="False" />
                <line number="95" hits="0" branch="False" />
              </lines>
            </method>
            <method name="Move" signature="(System.Single,System.Single)" line-rate="0" branch-rate="1" complexity="1">
              <lines>
                <line number="97" hits="0" branch="False" />
                <line number="98" hits="0" branch="False" />
                <line number="99" hits="0" branch="False" />
                <line number="100" hits="0" branch="False" />
              </lines>
            </method>
            <method name="Rotate" signature="(System.Single)" line-rate="0" branch-rate="1" complexity="1">
              <lines>
                <line number="102" hits="0" branch="False" />
                <line number="103" hits="0" branch="False" />
                <line number="104" hits="0" branch="False" />
              </lines>
            </method>
            <method name="SetRotation" signature="(System.Single)" line-rate="0" branch-rate="1" complexity="1">
              <lines>
                <line number="106" hits="0" branch="False" />
                <line number="107" hits="0" branch="False" />
                <line number="108" hits="0" branch="False" />
              </lines>
            </method>
            <method name="SetPosition" signature="(DIKUArcade.Math.Vec2F)" line-rate="0" branch-rate="1" complexity="1">
              <lines>
                <line number="110" hits="0" branch="False" />
                <line number="111" hits="0" branch="False" />
                <line number="112" hits="0" branch="False" />
              </lines>
            </method>
          </methods>
          <lines>
            <line number="8" hits="0" branch="False" />
            <line number="14" hits="977" branch="False" />
            <line number="24" hits="17" branch="False" />
            <line number="25" hits="17" branch="False" />
            <line number="26" hits="17" branch="True" condition-coverage="50% (1/2)">
              <conditions>
                <condition number="10" type="jump" coverage="50%" />
              </conditions>
            </line>
            <line number="27" hits="17" branch="False" />
            <line number="36" hits="0" branch="False" />
            <line number="37" hits="0" branch="False" />
            <line number="38" hits="0" branch="True" condition-coverage="0% (0/2)">
              <conditions>
                <condition number="10" type="jump" coverage="0%" />
              </conditions>
            </line>
            <line number="39" hits="0" branch="False" />
            <line number="43" hits="0" branch="False" />
            <line number="44" hits="0" branch="False" />
            <line number="45" hits="0" branch="False" />
            <line number="47" hits="0" branch="False" />
            <line number="49" hits="0" branch="False" />
            <line number="50" hits="0" branch="False" />
            <line number="52" hits="0" branch="False" />
            <line number="53" hits="0" branch="False" />
            <line number="54" hits="0" branch="False" />
            <line number="56" hits="0" branch="False" />
            <line number="57" hits="0" branch="False" />
            <line number="58" hits="0" branch="False" />
            <line number="60" hits="0" branch="False" />
            <line number="61" hits="0" branch="False" />
            <line number="62" hits="0" branch="False" />
            <line number="63" hits="0" branch="False" />
            <line number="65" hits="0" branch="False" />
            <line number="66" hits="0" branch="False" />
            <line number="67" hits="0" branch="False" />
            <line number="68" hits="0" branch="False" />
            <line number="70" hits="0" branch="False" />
            <line number="71" hits="0" branch="False" />
            <line number="72" hits="0" branch="False" />
            <line number="73" hits="0" branch="False" />
            <line number="75" hits="0" branch="False" />
            <line number="76" hits="0" branch="False" />
            <line number="77" hits="0" branch="False" />
            <line number="78" hits="0" branch="False" />
            <line number="83" hits="0" branch="False" />
            <line number="85" hits="0" branch="False" />
            <line number="86" hits="0" branch="False" />
            <line number="87" hits="0" branch="False" />
            <line number="89" hits="0" branch="False" />
            <line number="90" hits="0" branch="False" />
            <line number="91" hits="0" branch="False" />
            <line number="93" hits="0" branch="False" />
            <line number="94" hits="0" branch="False" />
            <line number="95" hits="0" branch="False" />
            <line number="97" hits="0" branch="False" />
            <line number="98" hits="0" branch="False" />
            <line number="99" hits="0" branch="False" />
            <line number="100" hits="0" branch="False" />
            <line number="102" hits="0" branch="False" />
            <line number="103" hits="0" branch="False" />
            <line number="104" hits="0" branch="False" />
            <line number="106" hits="0" branch="False" />
            <line number="107" hits="0" branch="False" />
            <line number="108" hits="0" branch="False" />
            <line number="110" hits="0" branch="False" />
            <line number="111" hits="0" branch="False" />
            <line number="112" hits="0" branch="False" />
          </lines>
        </class>
        <class name="DIKUArcade.Entities.StationaryShape" filename="DIKUArcade\DIKUArcade\Entities\StationaryShape.cs" line-rate="0.3636" branch-rate="1" complexity="3">
          <methods>
            <method name="op_Explicit" signature="(DIKUArcade.Entities.StationaryShape)" line-rate="0" branch-rate="1" complexity="1">
              <lines>
                <line number="19" hits="0" branch="False" />
                <line number="20" hits="0" branch="False" />
                <line number="21" hits="0" branch="False" />
              </lines>
            </method>
            <method name=".ctor" signature="(System.Single,System.Single,System.Single,System.Single)" line-rate="0" branch-rate="1" complexity="1">
              <lines>
                <line number="9" hits="0" branch="False" />
                <line number="10" hits="0" branch="False" />
                <line number="11" hits="0" branch="False" />
                <line number="12" hits="0" branch="False" />
              </lines>
            </method>
            <method name=".ctor" signature="(DIKUArcade.Math.Vec2F,DIKUArcade.Math.Vec2F)" line-rate="1" branch-rate="1" complexity="1">
              <lines>
                <line number="14" hits="670" branch="False" />
                <line number="15" hits="335" branch="False" />
                <line number="16" hits="335" branch="False" />
                <line number="17" hits="335" branch="False" />
              </lines>
            </method>
          </methods>
          <lines>
            <line number="19" hits="0" branch="False" />
            <line number="20" hits="0" branch="False" />
            <line number="21" hits="0" branch="False" />
            <line number="9" hits="0" branch="False" />
            <line number="10" hits="0" branch="False" />
            <line number="11" hits="0" branch="False" />
            <line number="12" hits="0" branch="False" />
            <line number="14" hits="670" branch="False" />
            <line number="15" hits="335" branch="False" />
            <line number="16" hits="335" branch="False" />
            <line number="17" hits="335" branch="False" />
          </lines>
        </class>
      </classes>
    </package>
  </packages>
</coverage>